<?xml version="1.0" encoding="UTF-8"?>
<!-- Generated by org.testng.reporters.JUnitReportReporter -->
<testsuite skipped="0" hostname="DESKTOP-S6UVQG8" name="Test.TestCase.TestCase" tests="1" failures="0" timestamp="03 May 2021 07:47:34 GMT" time="5.130" errors="0">
  <testcase name="login" time="5.130" classname="Test.TestCase.TestCase"/>
</testsuite> <!-- Test.TestCase.TestCase -->
